app/manifest-merger-release-report.txt
-- Merging decision tree log ---
manifest
ADDED from AndroidManifest.xml:2:1
	xmlns:android
		ADDED from AndroidManifest.xml:2:11
	package
		ADDED from AndroidManifest.xml:3:5
		INJECTED from AndroidManifest.xml:0:0
		INJECTED from AndroidManifest.xml:0:0
	android:versionName
		INJECTED from AndroidManifest.xml:0:0
		INJECTED from AndroidManifest.xml:0:0
	android:versionCode
		INJECTED from AndroidManifest.xml:0:0
		INJECTED from AndroidManifest.xml:0:0
application
ADDED from AndroidManifest.xml:7:5
MERGED from com.android.support:appcompat-v7:21.0.3:16:5
MERGED from com.android.support:support-v4:21.0.3:16:5
	android:label
		ADDED from AndroidManifest.xml:10:9
	android:allowBackup
		ADDED from AndroidManifest.xml:8:9
	android:icon
		ADDED from AndroidManifest.xml:9:9
	android:theme
		ADDED from AndroidManifest.xml:11:9
activity#com.jbeeappz.dinodex.dinodex.MainActivity
ADDED from AndroidManifest.xml:15:9
	android:label
		ADDED from AndroidManifest.xml:17:13
	android:icon
		ADDED from AndroidManifest.xml:18:13
	android:name
		ADDED from AndroidManifest.xml:16:13
intent-filter#android.intent.action.MAIN+android.intent.category.LAUNCHER
ADDED from AndroidManifest.xml:19:13
action#android.intent.action.MAIN
ADDED from AndroidManifest.xml:20:17
	android:name
		ADDED from AndroidManifest.xml:20:25
category#android.intent.category.LAUNCHER
ADDED from AndroidManifest.xml:22:17
	android:name
		ADDED from AndroidManifest.xml:22:27
activity#com.jbeeappz.dinodex.dinodex.trex
ADDED from AndroidManifest.xml:26:9
	android:label
		ADDED from AndroidManifest.xml:28:13
	android:parentActivityName
		ADDED from AndroidManifest.xml:29:13
	android:name
		ADDED from AndroidManifest.xml:27:13
meta-data#android.support.PARENT_ACTIVITY
ADDED from AndroidManifest.xml:30:13
	android:name
		ADDED from AndroidManifest.xml:31:17
	android:value
		ADDED from AndroidManifest.xml:32:17
intent-filter#android.intent.action.TREX+android.intent.category.DEFAULT
ADDED from AndroidManifest.xml:34:13
action#android.intent.action.TREX
ADDED from AndroidManifest.xml:35:17
	android:name
		ADDED from AndroidManifest.xml:35:25
category#android.intent.category.DEFAULT
ADDED from AndroidManifest.xml:37:17
	android:name
		ADDED from AndroidManifest.xml:37:27
activity#com.jbeeappz.dinodex.dinodex.brach
ADDED from AndroidManifest.xml:40:9
	android:label
		ADDED from AndroidManifest.xml:42:13
	android:parentActivityName
		ADDED from AndroidManifest.xml:43:13
	android:name
		ADDED from AndroidManifest.xml:41:13
intent-filter#android.intent.action.BRACH+android.intent.category.DEFAULT
ADDED from AndroidManifest.xml:47:13
action#android.intent.action.BRACH
ADDED from AndroidManifest.xml:48:17
	android:name
		ADDED from AndroidManifest.xml:48:25
activity#com.jbeeappz.dinodex.dinodex.allosaurus
ADDED from AndroidManifest.xml:53:9
	android:label
		ADDED from AndroidManifest.xml:55:13
	android:name
		ADDED from AndroidManifest.xml:54:13
intent-filter#android.intent.action.ALLOSAURUS+android.intent.category.DEFAULT
ADDED from AndroidManifest.xml:56:13
action#android.intent.action.ALLOSAURUS
ADDED from AndroidManifest.xml:57:17
	android:name
		ADDED from AndroidManifest.xml:57:25
activity#com.jbeeappz.dinodex.dinodex.crylophosaurus
ADDED from AndroidManifest.xml:62:9
	android:label
		ADDED from AndroidManifest.xml:64:13
	android:name
		ADDED from AndroidManifest.xml:63:13
intent-filter#android.intent.action.CRYLOPHOSAURUS+android.intent.category.DEFAULT
ADDED from AndroidManifest.xml:65:13
action#android.intent.action.CRYLOPHOSAURUS
ADDED from AndroidManifest.xml:66:17
	android:name
		ADDED from AndroidManifest.xml:66:25
activity#com.jbeeappz.dinodex.dinodex.dimetrodon
ADDED from AndroidManifest.xml:71:9
	android:label
		ADDED from AndroidManifest.xml:73:13
	android:name
		ADDED from AndroidManifest.xml:72:13
intent-filter#android.intent.action.DIMETRODON+android.intent.category.DEFAULT
ADDED from AndroidManifest.xml:74:13
action#android.intent.action.DIMETRODON
ADDED from AndroidManifest.xml:75:17
	android:name
		ADDED from AndroidManifest.xml:75:25
activity#com.jbeeappz.dinodex.dinodex.mosasaurus
ADDED from AndroidManifest.xml:80:9
	android:label
		ADDED from AndroidManifest.xml:82:13
	android:name
		ADDED from AndroidManifest.xml:81:13
intent-filter#android.intent.action.MOSASAURUS+android.intent.category.DEFAULT
ADDED from AndroidManifest.xml:83:13
action#android.intent.action.MOSASAURUS
ADDED from AndroidManifest.xml:84:17
	android:name
		ADDED from AndroidManifest.xml:84:25
activity#com.jbeeappz.dinodex.dinodex.pteranodon
ADDED from AndroidManifest.xml:89:9
	android:label
		ADDED from AndroidManifest.xml:91:13
	android:name
		ADDED from AndroidManifest.xml:90:13
intent-filter#android.intent.action.PTERANODON+android.intent.category.DEFAULT
ADDED from AndroidManifest.xml:92:13
action#android.intent.action.PTERANODON
ADDED from AndroidManifest.xml:93:17
	android:name
		ADDED from AndroidManifest.xml:93:25
activity#com.jbeeappz.dinodex.dinodex.spinosaurus
ADDED from AndroidManifest.xml:98:9
	android:label
		ADDED from AndroidManifest.xml:100:13
	android:name
		ADDED from AndroidManifest.xml:99:13
intent-filter#android.intent.action.SPINOSAURUS+android.intent.category.DEFAULT
ADDED from AndroidManifest.xml:101:13
action#android.intent.action.SPINOSAURUS
ADDED from AndroidManifest.xml:102:17
	android:name
		ADDED from AndroidManifest.xml:102:25
activity#com.jbeeappz.dinodex.dinodex.triceratops
ADDED from AndroidManifest.xml:107:9
	android:label
		ADDED from AndroidManifest.xml:109:13
	android:name
		ADDED from AndroidManifest.xml:108:13
intent-filter#android.intent.action.TRICERATOPS+android.intent.category.DEFAULT
ADDED from AndroidManifest.xml:110:13
action#android.intent.action.TRICERATOPS
ADDED from AndroidManifest.xml:111:17
	android:name
		ADDED from AndroidManifest.xml:111:25
activity#com.jbeeappz.dinodex.dinodex.velociraptor
ADDED from AndroidManifest.xml:116:9
	android:label
		ADDED from AndroidManifest.xml:118:13
	android:name
		ADDED from AndroidManifest.xml:117:13
intent-filter#android.intent.action.VELOCIRAPTOR+android.intent.category.DEFAULT
ADDED from AndroidManifest.xml:119:13
action#android.intent.action.VELOCIRAPTOR
ADDED from AndroidManifest.xml:120:17
	android:name
		ADDED from AndroidManifest.xml:120:25
activity#com.jbeeappz.dinodex.dinodex.ankylosaurus
ADDED from AndroidManifest.xml:125:9
	android:label
		ADDED from AndroidManifest.xml:127:13
	android:name
		ADDED from AndroidManifest.xml:126:13
intent-filter#android.intent.action.ANKYLOSAURUS+android.intent.category.DEFAULT
ADDED from AndroidManifest.xml:128:13
action#android.intent.action.ANKYLOSAURUS
ADDED from AndroidManifest.xml:129:17
	android:name
		ADDED from AndroidManifest.xml:129:25
activity#com.jbeeappz.dinodex.dinodex.diplodocus
ADDED from AndroidManifest.xml:134:9
	android:label
		ADDED from AndroidManifest.xml:136:13
	android:name
		ADDED from AndroidManifest.xml:135:13
intent-filter#android.intent.action.DIPLODOCUS+android.intent.category.DEFAULT
ADDED from AndroidManifest.xml:137:13
action#android.intent.action.DIPLODOCUS
ADDED from AndroidManifest.xml:138:17
	android:name
		ADDED from AndroidManifest.xml:138:25
activity#com.jbeeappz.dinodex.dinodex.amargasaurus
ADDED from AndroidManifest.xml:143:9
	android:label
		ADDED from AndroidManifest.xml:145:13
	android:name
		ADDED from AndroidManifest.xml:144:13
intent-filter#android.intent.action.AMARGASAURUS+android.intent.category.DEFAULT
ADDED from AndroidManifest.xml:146:13
action#android.intent.action.AMARGASAURUS
ADDED from AndroidManifest.xml:147:17
	android:name
		ADDED from AndroidManifest.xml:147:25
activity#com.jbeeappz.dinodex.dinodex.gallimimus
ADDED from AndroidManifest.xml:152:9
	android:label
		ADDED from AndroidManifest.xml:154:13
	android:name
		ADDED from AndroidManifest.xml:153:13
intent-filter#android.intent.action.GALLIMIMUS+android.intent.category.DEFAULT
ADDED from AndroidManifest.xml:155:13
action#android.intent.action.GALLIMIMUS
ADDED from AndroidManifest.xml:156:17
	android:name
		ADDED from AndroidManifest.xml:156:25
activity#com.jbeeappz.dinodex.dinodex.stegosaurus
ADDED from AndroidManifest.xml:161:9
	android:label
		ADDED from AndroidManifest.xml:163:13
	android:name
		ADDED from AndroidManifest.xml:162:13
intent-filter#android.intent.action.STEGOSAURUS+android.intent.category.DEFAULT
ADDED from AndroidManifest.xml:164:13
action#android.intent.action.STEGOSAURUS
ADDED from AndroidManifest.xml:165:17
	android:name
		ADDED from AndroidManifest.xml:165:25
activity#com.jbeeappz.dinodex.dinodex.styracosaurus
ADDED from AndroidManifest.xml:170:9
	android:label
		ADDED from AndroidManifest.xml:172:13
	android:name
		ADDED from AndroidManifest.xml:171:13
intent-filter#android.intent.action.STYRACOSAURUS+android.intent.category.DEFAULT
ADDED from AndroidManifest.xml:173:13
action#android.intent.action.STYRACOSAURUS
ADDED from AndroidManifest.xml:174:17
	android:name
		ADDED from AndroidManifest.xml:174:25
activity#com.jbeeappz.dinodex.dinodex.utahraptor
ADDED from AndroidManifest.xml:179:9
	android:label
		ADDED from AndroidManifest.xml:181:13
	android:name
		ADDED from AndroidManifest.xml:180:13
intent-filter#android.intent.action.UTAHRAPTOR+android.intent.category.DEFAULT
ADDED from AndroidManifest.xml:182:13
action#android.intent.action.UTAHRAPTOR
ADDED from AndroidManifest.xml:183:17
	android:name
		ADDED from AndroidManifest.xml:183:25
activity#com.jbeeappz.dinodex.dinodex.history
ADDED from AndroidManifest.xml:188:9
	android:label
		ADDED from AndroidManifest.xml:190:13
	android:name
		ADDED from AndroidManifest.xml:189:13
intent-filter#android.intent.action.HISTORY+android.intent.category.DEFAULT
ADDED from AndroidManifest.xml:192:13
action#android.intent.action.HISTORY
ADDED from AndroidManifest.xml:193:17
	android:name
		ADDED from AndroidManifest.xml:193:25
uses-sdk
INJECTED from AndroidManifest.xml:0:0 reason: use-sdk injection requested
MERGED from com.android.support:appcompat-v7:21.0.3:15:5
MERGED from com.android.support:support-v4:21.0.3:15:5
	android:targetSdkVersion
		INJECTED from AndroidManifest.xml:0:0
		INJECTED from AndroidManifest.xml:0:0
	android:minSdkVersion
		INJECTED from AndroidManifest.xml:0:0
		INJECTED from AndroidManifest.xml:0:0